mode: set
podgen/internal/configs/config.go:47.51,50.16 3 1
podgen/internal/configs/config.go:50.16,52.3 1 1
podgen/internal/configs/config.go:54.2,54.50 1 1
podgen/internal/configs/config.go:54.50,56.3 1 0
podgen/internal/configs/config.go:57.2,57.17 1 1
podgen/internal/configs/validate.go:9.33,10.28 1 1
podgen/internal/configs/validate.go:10.28,12.3 1 1
podgen/internal/configs/validate.go:14.2,14.38 1 1
podgen/internal/configs/validate.go:14.38,16.3 1 1
podgen/internal/configs/validate.go:18.2,18.33 1 1
podgen/internal/configs/validate.go:18.33,20.3 1 1
podgen/internal/configs/validate.go:22.2,22.26 1 1
podgen/internal/configs/validate.go:22.26,24.3 1 1
podgen/internal/configs/validate.go:26.2,26.32 1 1
podgen/internal/configs/validate.go:26.32,27.21 1 1
podgen/internal/configs/validate.go:27.21,29.4 1 1
podgen/internal/configs/validate.go:32.2,32.12 1 1
podgen/internal/pkg/tagger/reader.go:20.54,22.16 2 1
podgen/internal/pkg/tagger/reader.go:22.16,24.3 1 1
podgen/internal/pkg/tagger/reader.go:25.2,36.27 4 1
podgen/internal/pkg/tagger/reader.go:36.27,38.26 2 1
podgen/internal/pkg/tagger/reader.go:38.26,40.9 2 1
podgen/internal/pkg/tagger/reader.go:44.2,44.15 1 1
podgen/cmd/podgen/main.go:37.34,39.16 2 0
podgen/cmd/podgen/main.go:39.16,41.3 1 0
podgen/cmd/podgen/main.go:42.2,42.41 1 0
podgen/cmd/podgen/main.go:45.13,50.16 4 0
podgen/cmd/podgen/main.go:50.16,51.77 1 0
podgen/cmd/podgen/main.go:51.77,54.4 2 0
podgen/cmd/podgen/main.go:55.3,55.32 1 0
podgen/cmd/podgen/main.go:58.2,62.39 4 0
podgen/cmd/podgen/main.go:62.39,64.3 1 0
podgen/cmd/podgen/main.go:66.2,66.39 1 0
podgen/cmd/podgen/main.go:66.39,68.3 1 0
podgen/cmd/podgen/main.go:70.2,71.16 2 0
podgen/cmd/podgen/main.go:71.16,73.3 1 0
podgen/cmd/podgen/main.go:75.2,75.48 1 0
podgen/cmd/podgen/main.go:75.48,77.3 1 0
podgen/cmd/podgen/main.go:79.2,80.19 2 0
podgen/cmd/podgen/main.go:80.19,82.3 1 0
podgen/cmd/podgen/main.go:84.2,84.19 1 0
podgen/cmd/podgen/main.go:84.19,86.3 1 0
podgen/cmd/podgen/main.go:88.2,88.22 1 0
podgen/cmd/podgen/main.go:88.22,90.3 1 0
podgen/cmd/podgen/main.go:92.2,93.16 2 0
podgen/cmd/podgen/main.go:93.16,95.3 1 0
podgen/cmd/podgen/main.go:97.2,102.16 2 0
podgen/cmd/podgen/main.go:102.16,104.3 1 0
podgen/cmd/podgen/main.go:106.2,107.20 2 0
podgen/cmd/podgen/main.go:107.20,109.3 1 0
podgen/cmd/podgen/main.go:110.2,118.27 2 0
podgen/cmd/podgen/main.go:118.27,120.3 1 0
podgen/cmd/podgen/main.go:122.2,123.16 2 0
podgen/cmd/podgen/main.go:123.16,125.3 1 0
podgen/cmd/podgen/main.go:127.2,128.40 2 0
podgen/cmd/podgen/main.go:128.40,131.34 2 0
podgen/cmd/podgen/main.go:131.34,132.22 1 0
podgen/cmd/podgen/main.go:132.22,134.5 1 0
podgen/cmd/podgen/main.go:135.4,135.17 1 0
podgen/cmd/podgen/main.go:139.2,139.20 1 0
podgen/cmd/podgen/main.go:139.20,141.3 1 0
podgen/cmd/podgen/main.go:143.2,143.15 1 0
podgen/cmd/podgen/main.go:143.15,145.3 1 0
podgen/cmd/podgen/main.go:147.2,149.22 2 0
podgen/cmd/podgen/main.go:149.22,151.3 1 0
podgen/cmd/podgen/main.go:153.2,153.19 1 0
podgen/cmd/podgen/main.go:153.19,155.3 1 0
podgen/cmd/podgen/main.go:155.8,155.41 1 0
podgen/cmd/podgen/main.go:155.41,157.3 1 0
podgen/cmd/podgen/main.go:159.2,159.17 1 0
podgen/cmd/podgen/main.go:159.17,163.3 3 0
podgen/cmd/podgen/main.go:165.2,165.21 1 0
podgen/cmd/podgen/main.go:165.21,166.20 1 0
podgen/cmd/podgen/main.go:166.20,168.4 1 0
podgen/cmd/podgen/main.go:169.3,169.42 1 0
podgen/cmd/podgen/main.go:172.2,172.18 1 0
podgen/cmd/podgen/main.go:172.18,174.29 2 0
podgen/cmd/podgen/main.go:174.29,176.4 1 0
podgen/internal/app/podgen/proc/mocks/episode_store_mock.go:121.115,122.43 1 0
podgen/internal/app/podgen/proc/mocks/episode_store_mock.go:122.43,123.124 1 0
podgen/internal/app/podgen/proc/mocks/episode_store_mock.go:125.2,135.59 5 0
podgen/internal/app/podgen/proc/mocks/episode_store_mock.go:145.3,154.2 5 0
podgen/internal/app/podgen/proc/mocks/episode_store_mock.go:157.141,158.45 1 0
podgen/internal/app/podgen/proc/mocks/episode_store_mock.go:158.45,159.128 1 0
podgen/internal/app/podgen/proc/mocks/episode_store_mock.go:161.2,173.71 5 0
podgen/internal/app/podgen/proc/mocks/episode_store_mock.go:184.3,194.2 5 0
podgen/internal/app/podgen/proc/mocks/episode_store_mock.go:197.121,198.42 1 0
podgen/internal/app/podgen/proc/mocks/episode_store_mock.go:198.42,199.122 1 0
podgen/internal/app/podgen/proc/mocks/episode_store_mock.go:201.2,211.57 5 0
podgen/internal/app/podgen/proc/mocks/episode_store_mock.go:221.3,230.2 5 0
podgen/internal/app/podgen/proc/mocks/episode_store_mock.go:233.113,234.42 1 0
podgen/internal/app/podgen/proc/mocks/episode_store_mock.go:234.42,235.122 1 0
podgen/internal/app/podgen/proc/mocks/episode_store_mock.go:237.2,247.59 5 0
podgen/internal/app/podgen/proc/mocks/episode_store_mock.go:257.3,266.2 5 0
podgen/internal/app/podgen/proc/mocks/episode_store_mock.go:269.124,270.47 1 0
podgen/internal/app/podgen/proc/mocks/episode_store_mock.go:270.47,271.132 1 0
podgen/internal/app/podgen/proc/mocks/episode_store_mock.go:273.2,283.62 5 0
podgen/internal/app/podgen/proc/mocks/episode_store_mock.go:293.3,302.2 5 0
podgen/internal/app/podgen/proc/mocks/episode_store_mock.go:305.93,306.33 1 0
podgen/internal/app/podgen/proc/mocks/episode_store_mock.go:306.33,307.104 1 0
podgen/internal/app/podgen/proc/mocks/episode_store_mock.go:309.2,319.49 5 0
podgen/internal/app/podgen/proc/mocks/episode_store_mock.go:329.3,338.2 5 0
podgen/internal/app/podgen/proc/mocks/file_scanner_mock.go:47.90,48.34 1 0
podgen/internal/app/podgen/proc/mocks/file_scanner_mock.go:48.34,49.104 1 0
podgen/internal/app/podgen/proc/mocks/file_scanner_mock.go:51.2,59.42 5 0
podgen/internal/app/podgen/proc/mocks/file_scanner_mock.go:68.3,76.2 5 0
podgen/internal/app/podgen/proc/mocks/object_storage_mock.go:111.92,112.35 1 0
podgen/internal/app/podgen/proc/mocks/object_storage_mock.go:112.35,113.110 1 0
podgen/internal/app/podgen/proc/mocks/object_storage_mock.go:115.2,125.48 5 0
podgen/internal/app/podgen/proc/mocks/object_storage_mock.go:135.3,144.2 5 0
podgen/internal/app/podgen/proc/mocks/object_storage_mock.go:147.112,148.35 1 0
podgen/internal/app/podgen/proc/mocks/object_storage_mock.go:148.35,149.110 1 0
podgen/internal/app/podgen/proc/mocks/object_storage_mock.go:151.2,161.48 5 0
podgen/internal/app/podgen/proc/mocks/object_storage_mock.go:171.3,180.2 5 0
podgen/internal/app/podgen/proc/mocks/object_storage_mock.go:183.131,184.35 1 0
podgen/internal/app/podgen/proc/mocks/object_storage_mock.go:184.35,185.110 1 0
podgen/internal/app/podgen/proc/mocks/object_storage_mock.go:187.2,199.58 5 0
podgen/internal/app/podgen/proc/mocks/object_storage_mock.go:210.3,220.2 5 0
podgen/internal/app/podgen/proc/mocks/object_storage_mock.go:223.128,224.32 1 0
podgen/internal/app/podgen/proc/mocks/object_storage_mock.go:224.32,225.104 1 0
podgen/internal/app/podgen/proc/mocks/object_storage_mock.go:227.2,239.55 5 0
podgen/internal/app/podgen/proc/mocks/object_storage_mock.go:250.3,260.2 5 0
podgen/internal/app/podgen/proc/mocks/object_storage_mock.go:263.129,264.33 1 0
podgen/internal/app/podgen/proc/mocks/object_storage_mock.go:264.33,265.106 1 0
podgen/internal/app/podgen/proc/mocks/object_storage_mock.go:267.2,279.56 5 0
podgen/internal/app/podgen/proc/mocks/object_storage_mock.go:290.3,300.2 5 0
podgen/internal/app/podgen/proc/mocks/progress_reporter_mock.go:83.93,84.31 1 0
podgen/internal/app/podgen/proc/mocks/progress_reporter_mock.go:84.31,85.108 1 0
podgen/internal/app/podgen/proc/mocks/progress_reporter_mock.go:87.2,99.51 5 0
podgen/internal/app/podgen/proc/mocks/progress_reporter_mock.go:107.3,117.2 5 0
podgen/internal/app/podgen/proc/mocks/progress_reporter_mock.go:120.93,121.36 1 0
podgen/internal/app/podgen/proc/mocks/progress_reporter_mock.go:121.36,122.118 1 0
podgen/internal/app/podgen/proc/mocks/progress_reporter_mock.go:124.2,136.52 5 0
podgen/internal/app/podgen/proc/mocks/progress_reporter_mock.go:144.3,154.2 5 0
podgen/internal/app/podgen/proc/mocks/progress_reporter_mock.go:157.89,158.34 1 0
podgen/internal/app/podgen/proc/mocks/progress_reporter_mock.go:158.34,159.114 1 0
podgen/internal/app/podgen/proc/mocks/progress_reporter_mock.go:161.2,173.48 5 0
podgen/internal/app/podgen/proc/mocks/progress_reporter_mock.go:181.3,191.2 5 0
podgen/internal/app/podgen/proc/mocks/progress_reporter_mock.go:194.44,195.28 1 0
podgen/internal/app/podgen/proc/mocks/progress_reporter_mock.go:195.28,196.102 1 0
podgen/internal/app/podgen/proc/mocks/progress_reporter_mock.go:198.2,202.19 5 0
podgen/internal/app/podgen/proc/mocks/progress_reporter_mock.go:206.60,212.2 5 0
podgen/internal/app/podgen/app.go:30.74,33.2 2 0
podgen/internal/app/podgen/app.go:36.49,38.18 2 1
podgen/internal/app/podgen/app.go:38.18,40.3 1 0
podgen/internal/app/podgen/app.go:41.2,41.61 1 1
podgen/internal/app/podgen/app.go:41.61,43.3 1 0
podgen/internal/app/podgen/app.go:44.2,45.16 2 1
podgen/internal/app/podgen/app.go:45.16,47.3 1 0
podgen/internal/app/podgen/app.go:49.2,49.16 1 1
podgen/internal/app/podgen/app.go:53.101,58.16 2 0
podgen/internal/app/podgen/app.go:58.16,60.3 1 0
podgen/internal/app/podgen/app.go:62.2,62.20 1 0
podgen/internal/app/podgen/app.go:66.62,69.24 2 0
podgen/internal/app/podgen/app.go:69.24,72.3 2 0
podgen/internal/app/podgen/app.go:74.2,74.29 1 0
podgen/internal/app/podgen/app.go:74.29,77.17 3 0
podgen/internal/app/podgen/app.go:77.17,79.12 2 0
podgen/internal/app/podgen/app.go:81.3,81.19 1 0
podgen/internal/app/podgen/app.go:81.19,83.4 1 0
podgen/internal/app/podgen/app.go:83.9,85.4 1 0
podgen/internal/app/podgen/app.go:90.70,93.24 2 0
podgen/internal/app/podgen/app.go:93.24,96.3 2 0
podgen/internal/app/podgen/app.go:98.2,99.16 2 0
podgen/internal/app/podgen/app.go:99.16,102.3 2 0
podgen/internal/app/podgen/app.go:104.2,106.29 2 0
podgen/internal/app/podgen/app.go:106.29,108.93 2 0
podgen/internal/app/podgen/app.go:108.93,110.4 1 0
podgen/internal/app/podgen/app.go:115.73,118.29 2 0
podgen/internal/app/podgen/app.go:118.29,119.27 1 0
podgen/internal/app/podgen/app.go:119.27,120.12 1 0
podgen/internal/app/podgen/app.go:123.3,124.17 2 0
podgen/internal/app/podgen/app.go:124.17,126.4 1 0
podgen/internal/app/podgen/app.go:131.101,134.29 2 0
podgen/internal/app/podgen/app.go:134.29,138.17 3 0
podgen/internal/app/podgen/app.go:138.17,140.12 2 0
podgen/internal/app/podgen/app.go:142.3,143.24 2 0
podgen/internal/app/podgen/app.go:143.24,145.4 1 0
podgen/internal/app/podgen/app.go:150.92,154.29 3 0
podgen/internal/app/podgen/app.go:154.29,156.17 2 0
podgen/internal/app/podgen/app.go:156.17,158.12 2 0
podgen/internal/app/podgen/app.go:160.3,160.23 1 0
podgen/internal/app/podgen/app.go:163.2,163.15 1 0
podgen/internal/app/podgen/app.go:167.90,171.29 3 0
podgen/internal/app/podgen/app.go:171.29,174.3 2 0
podgen/internal/app/podgen/app.go:176.2,176.15 1 0
podgen/internal/app/podgen/app.go:180.57,182.2 1 0
podgen/internal/app/podgen/app.go:185.64,189.30 3 0
podgen/internal/app/podgen/app.go:189.30,193.17 2 0
podgen/internal/app/podgen/app.go:193.17,195.12 2 0
podgen/internal/app/podgen/app.go:197.3,197.19 1 0
podgen/internal/app/podgen/app.go:199.2,199.15 1 0
podgen/internal/app/podgen/app.go:203.72,206.26 2 0
podgen/internal/app/podgen/app.go:206.26,208.17 2 0
podgen/internal/app/podgen/app.go:208.17,210.4 1 0
podgen/internal/app/podgen/app.go:215.90,218.26 2 0
podgen/internal/app/podgen/app.go:218.26,220.17 2 0
podgen/internal/app/podgen/app.go:220.17,222.4 1 0
podgen/internal/app/podgen/app.go:226.88,230.37 4 0
podgen/internal/app/podgen/app.go:230.37,231.48 1 0
podgen/internal/app/podgen/app.go:231.48,232.52 1 0
podgen/internal/app/podgen/app.go:232.52,233.13 1 0
podgen/internal/app/podgen/app.go:235.4,235.25 1 0
podgen/internal/app/podgen/app.go:239.2,239.15 1 0
podgen/internal/app/podgen/app.go:243.51,246.16 3 0
podgen/internal/app/podgen/app.go:246.16,249.3 2 0
podgen/internal/app/podgen/app.go:250.2,250.34 1 0
podgen/internal/errors/errors.go:24.39,25.22 1 1
podgen/internal/errors/errors.go:25.22,27.3 1 1
podgen/internal/errors/errors.go:28.2,28.70 1 1
podgen/internal/errors/errors.go:32.39,34.2 1 1
podgen/internal/pkg/progress/multi.go:43.66,50.2 1 1
podgen/internal/pkg/progress/multi.go:53.75,57.48 3 1
podgen/internal/pkg/progress/multi.go:57.48,64.3 1 1
podgen/internal/pkg/progress/multi.go:65.2,65.12 1 1
podgen/internal/pkg/progress/multi.go:69.69,73.48 3 1
podgen/internal/pkg/progress/multi.go:73.48,75.16 2 1
podgen/internal/pkg/progress/multi.go:75.16,77.4 1 1
podgen/internal/pkg/progress/multi.go:80.2,80.53 1 1
podgen/internal/pkg/progress/multi.go:80.53,82.3 1 0
podgen/internal/pkg/progress/multi.go:86.71,90.48 3 1
podgen/internal/pkg/progress/multi.go:90.48,92.3 1 1
podgen/internal/pkg/progress/multi.go:94.2,95.16 2 1
podgen/internal/pkg/progress/multi.go:95.16,97.3 1 1
podgen/internal/pkg/progress/multi.go:97.8,99.3 1 1
podgen/internal/pkg/progress/multi.go:100.2,100.12 1 1
podgen/internal/pkg/progress/multi.go:104.26,109.2 3 1
podgen/internal/pkg/progress/multi.go:112.26,118.17 4 1
podgen/internal/pkg/progress/multi.go:118.17,120.3 1 1
podgen/internal/pkg/progress/multi.go:121.2,129.18 4 1
podgen/internal/pkg/progress/multi.go:129.18,131.3 1 1
podgen/internal/pkg/progress/multi.go:133.2,137.30 2 1
podgen/internal/pkg/progress/multi.go:137.30,140.3 2 1
podgen/internal/pkg/progress/multi.go:142.2,142.29 1 1
podgen/internal/pkg/progress/multi.go:142.29,144.3 1 1
podgen/internal/pkg/progress/multi.go:145.2,146.27 2 1
podgen/internal/pkg/progress/multi.go:150.30,151.38 1 1
podgen/internal/pkg/progress/multi.go:151.38,153.3 1 1
podgen/internal/pkg/progress/multi.go:157.60,158.15 1 1
podgen/internal/pkg/progress/multi.go:158.15,163.3 2 1
podgen/internal/pkg/progress/multi.go:165.2,169.17 4 1
podgen/internal/pkg/progress/multi.go:169.17,171.3 1 1
podgen/internal/pkg/progress/multi.go:173.2,177.45 3 1
podgen/internal/pkg/progress/multi.go:181.39,182.15 1 1
podgen/internal/pkg/progress/multi.go:182.15,184.3 1 1
podgen/internal/pkg/progress/multi.go:185.2,185.13 1 1
podgen/internal/pkg/progress/multi.go:185.13,187.3 1 1
podgen/internal/pkg/progress/multi.go:189.2,192.69 3 1
podgen/internal/pkg/progress/multi.go:196.50,198.26 2 1
podgen/internal/pkg/progress/multi.go:198.26,200.3 1 1
podgen/internal/pkg/progress/multi.go:201.2,201.17 1 1
podgen/internal/pkg/progress/multi.go:201.17,203.3 1 1
podgen/internal/pkg/progress/multi.go:204.2,204.40 1 1
podgen/internal/pkg/progress/multi.go:208.43,210.24 2 1
podgen/internal/pkg/progress/multi.go:210.24,212.3 1 1
podgen/internal/pkg/progress/multi.go:213.2,213.49 1 1
podgen/internal/pkg/progress/multi.go:217.34,219.14 2 1
podgen/internal/pkg/progress/multi.go:219.14,221.3 1 1
podgen/internal/pkg/progress/multi.go:222.2,223.42 2 1
podgen/internal/pkg/progress/multi.go:223.42,226.3 2 1
podgen/internal/pkg/progress/multi.go:227.2,227.26 1 1
podgen/internal/pkg/progress/multi.go:227.26,229.3 1 0
podgen/internal/pkg/progress/multi.go:230.2,230.71 1 1
podgen/internal/app/podgen/proc/files.go:24.77,26.16 2 1
podgen/internal/app/podgen/proc/files.go:26.16,28.3 1 0
podgen/internal/app/podgen/proc/files.go:29.2,31.34 3 1
podgen/internal/app/podgen/proc/files.go:31.34,32.21 1 1
podgen/internal/app/podgen/proc/files.go:32.21,33.12 1 0
podgen/internal/app/podgen/proc/files.go:35.3,36.26 2 1
podgen/internal/app/podgen/proc/files.go:36.26,37.12 1 1
podgen/internal/app/podgen/proc/files.go:40.3,41.17 2 1
podgen/internal/app/podgen/proc/files.go:41.17,43.4 1 0
podgen/internal/app/podgen/proc/files.go:45.3,47.21 3 1
podgen/internal/app/podgen/proc/files.go:47.21,49.4 1 0
podgen/internal/app/podgen/proc/files.go:51.3,54.22 2 1
podgen/internal/app/podgen/proc/files.go:54.22,56.23 2 1
podgen/internal/app/podgen/proc/files.go:56.23,58.5 1 1
podgen/internal/app/podgen/proc/files.go:58.10,60.5 1 0
podgen/internal/app/podgen/proc/files.go:61.9,63.22 2 1
podgen/internal/app/podgen/proc/files.go:63.22,67.19 4 1
podgen/internal/app/podgen/proc/files.go:67.19,70.20 3 0
podgen/internal/app/podgen/proc/files.go:70.20,72.7 1 0
podgen/internal/app/podgen/proc/files.go:77.3,87.4 1 1
podgen/internal/app/podgen/proc/files.go:90.2,90.47 1 1
podgen/internal/app/podgen/proc/files.go:90.47,91.43 1 1
podgen/internal/app/podgen/proc/files.go:91.43,93.4 1 1
podgen/internal/app/podgen/proc/files.go:94.3,94.49 1 0
podgen/internal/app/podgen/proc/files.go:97.2,97.20 1 1
podgen/internal/app/podgen/proc/files.go:101.44,102.65 1 0
podgen/internal/app/podgen/proc/files.go:102.65,104.3 1 0
podgen/internal/app/podgen/proc/files.go:106.2,106.13 1 0
podgen/internal/app/podgen/proc/files.go:109.70,111.16 2 1
podgen/internal/app/podgen/proc/files.go:111.16,113.3 1 0
podgen/internal/app/podgen/proc/files.go:115.2,115.17 1 1
podgen/internal/app/podgen/proc/processor.go:40.94,43.16 3 1
podgen/internal/app/podgen/proc/processor.go:43.16,45.3 1 1
podgen/internal/app/podgen/proc/processor.go:47.2,47.35 1 1
podgen/internal/app/podgen/proc/processor.go:47.35,48.10 1 1
podgen/internal/app/podgen/proc/processor.go:49.21,50.30 1 0
podgen/internal/app/podgen/proc/processor.go:51.11,51.11 0 1
podgen/internal/app/podgen/proc/processor.go:54.3,54.21 1 1
podgen/internal/app/podgen/proc/processor.go:54.21,55.12 1 1
podgen/internal/app/podgen/proc/processor.go:57.3,58.17 2 1
podgen/internal/app/podgen/proc/processor.go:58.17,60.4 1 1
podgen/internal/app/podgen/proc/processor.go:62.3,62.18 1 1
podgen/internal/app/podgen/proc/processor.go:62.18,63.12 1 1
podgen/internal/app/podgen/proc/processor.go:66.3,67.15 2 1
podgen/internal/app/podgen/proc/processor.go:67.15,69.4 1 1
podgen/internal/app/podgen/proc/processor.go:70.3,70.13 1 1
podgen/internal/app/podgen/proc/processor.go:73.2,73.22 1 1
podgen/internal/app/podgen/proc/processor.go:77.108,79.16 2 1
podgen/internal/app/podgen/proc/processor.go:79.16,81.3 1 1
podgen/internal/app/podgen/proc/processor.go:83.2,83.24 1 1
podgen/internal/app/podgen/proc/processor.go:83.24,86.3 2 1
podgen/internal/app/podgen/proc/processor.go:88.2,98.35 5 1
podgen/internal/app/podgen/proc/processor.go:98.35,100.46 2 1
podgen/internal/app/podgen/proc/processor.go:100.46,102.25 2 1
podgen/internal/app/podgen/proc/processor.go:102.25,104.5 1 1
podgen/internal/app/podgen/proc/processor.go:105.4,106.25 2 1
podgen/internal/app/podgen/proc/processor.go:106.25,108.5 1 1
podgen/internal/app/podgen/proc/processor.go:109.4,109.21 1 1
podgen/internal/app/podgen/proc/processor.go:109.21,111.5 1 1
podgen/internal/app/podgen/proc/processor.go:112.4,113.14 2 1
podgen/internal/app/podgen/proc/processor.go:117.2,118.23 2 1
podgen/internal/app/podgen/proc/processor.go:118.23,120.3 1 1
podgen/internal/app/podgen/proc/processor.go:123.2,123.27 1 1
podgen/internal/app/podgen/proc/processor.go:123.27,124.17 1 1
podgen/internal/app/podgen/proc/processor.go:124.17,126.12 2 1
podgen/internal/app/podgen/proc/processor.go:128.3,128.23 1 1
podgen/internal/app/podgen/proc/processor.go:132.2,132.28 1 1
podgen/internal/app/podgen/proc/processor.go:132.28,133.12 1 1
podgen/internal/app/podgen/proc/processor.go:133.12,134.12 1 1
podgen/internal/app/podgen/proc/processor.go:136.3,137.17 2 1
podgen/internal/app/podgen/proc/processor.go:137.17,139.12 2 0
podgen/internal/app/podgen/proc/processor.go:141.3,142.66 2 1
podgen/internal/app/podgen/proc/processor.go:142.66,144.4 1 0
podgen/internal/app/podgen/proc/processor.go:146.2,146.12 1 1
podgen/internal/app/podgen/proc/processor.go:150.87,152.16 2 1
podgen/internal/app/podgen/proc/processor.go:152.16,155.3 2 1
podgen/internal/app/podgen/proc/processor.go:157.2,157.20 1 1
podgen/internal/app/podgen/proc/processor.go:157.20,160.3 2 1
podgen/internal/app/podgen/proc/processor.go:162.2,162.27 1 1
podgen/internal/app/podgen/proc/processor.go:162.27,164.3 1 0
podgen/internal/app/podgen/proc/processor.go:166.2,167.65 2 1
podgen/internal/app/podgen/proc/processor.go:167.65,170.3 2 1
podgen/internal/app/podgen/proc/processor.go:172.2,172.12 1 1
podgen/internal/app/podgen/proc/processor.go:176.101,178.16 2 1
podgen/internal/app/podgen/proc/processor.go:178.16,181.3 2 1
podgen/internal/app/podgen/proc/processor.go:183.2,183.24 1 1
podgen/internal/app/podgen/proc/processor.go:183.24,186.3 2 1
podgen/internal/app/podgen/proc/processor.go:188.2,190.35 2 1
podgen/internal/app/podgen/proc/processor.go:190.35,191.10 1 1
podgen/internal/app/podgen/proc/processor.go:192.21,193.20 1 0
podgen/internal/app/podgen/proc/processor.go:194.11,194.11 0 1
podgen/internal/app/podgen/proc/processor.go:197.3,198.66 2 1
podgen/internal/app/podgen/proc/processor.go:198.66,201.4 2 1
podgen/internal/app/podgen/proc/processor.go:203.3,203.77 1 1
podgen/internal/app/podgen/proc/processor.go:206.2,206.12 1 1
podgen/internal/app/podgen/proc/processor.go:210.132,214.40 3 0
podgen/internal/app/podgen/proc/processor.go:214.40,216.3 1 0
podgen/internal/app/podgen/proc/processor.go:218.2,218.40 1 0
podgen/internal/app/podgen/proc/processor.go:218.40,220.3 1 0
podgen/internal/app/podgen/proc/processor.go:222.2,226.16 2 0
podgen/internal/app/podgen/proc/processor.go:226.16,228.3 1 0
podgen/internal/app/podgen/proc/processor.go:230.2,232.33 2 0
podgen/internal/app/podgen/proc/processor.go:236.109,239.16 2 1
podgen/internal/app/podgen/proc/processor.go:239.16,242.3 2 1
podgen/internal/app/podgen/proc/processor.go:243.2,243.27 1 1
podgen/internal/app/podgen/proc/processor.go:247.125,249.16 2 1
podgen/internal/app/podgen/proc/processor.go:249.16,251.3 1 1
podgen/internal/app/podgen/proc/processor.go:253.2,253.24 1 1
podgen/internal/app/podgen/proc/processor.go:253.24,256.3 2 1
podgen/internal/app/podgen/proc/processor.go:258.2,261.50 2 1
podgen/internal/app/podgen/proc/processor.go:261.50,262.10 1 1
podgen/internal/app/podgen/proc/processor.go:263.21,264.20 1 0
podgen/internal/app/podgen/proc/processor.go:265.11,265.11 0 1
podgen/internal/app/podgen/proc/processor.go:268.3,269.26 2 1
podgen/internal/app/podgen/proc/processor.go:269.26,271.4 1 1
podgen/internal/app/podgen/proc/processor.go:272.3,277.33 4 1
podgen/internal/app/podgen/proc/processor.go:277.33,278.47 1 1
podgen/internal/app/podgen/proc/processor.go:278.47,279.26 1 1
podgen/internal/app/podgen/proc/processor.go:279.26,281.6 1 1
podgen/internal/app/podgen/proc/processor.go:282.5,283.26 2 1
podgen/internal/app/podgen/proc/processor.go:283.26,285.6 1 1
podgen/internal/app/podgen/proc/processor.go:286.5,286.19 1 1
podgen/internal/app/podgen/proc/processor.go:286.19,288.6 1 0
podgen/internal/app/podgen/proc/processor.go:289.5,290.15 2 1
podgen/internal/app/podgen/proc/processor.go:294.3,297.28 2 1
podgen/internal/app/podgen/proc/processor.go:297.28,298.18 1 1
podgen/internal/app/podgen/proc/processor.go:298.18,300.13 2 0
podgen/internal/app/podgen/proc/processor.go:302.4,304.18 3 1
podgen/internal/app/podgen/proc/processor.go:304.18,306.5 1 0
podgen/internal/app/podgen/proc/processor.go:307.4,310.67 4 1
podgen/internal/app/podgen/proc/processor.go:310.67,312.5 1 0
podgen/internal/app/podgen/proc/processor.go:315.2,315.23 1 1
podgen/internal/app/podgen/proc/processor.go:315.23,317.3 1 1
podgen/internal/app/podgen/proc/processor.go:318.2,318.12 1 1
podgen/internal/app/podgen/proc/processor.go:322.142,324.16 2 1
podgen/internal/app/podgen/proc/processor.go:324.16,326.3 1 1
podgen/internal/app/podgen/proc/processor.go:328.2,338.37 3 1
podgen/internal/app/podgen/proc/processor.go:338.37,340.3 1 0
podgen/internal/app/podgen/proc/processor.go:342.2,342.36 1 1
podgen/internal/app/podgen/proc/processor.go:342.36,344.3 1 0
podgen/internal/app/podgen/proc/processor.go:346.2,346.36 1 1
podgen/internal/app/podgen/proc/processor.go:346.36,348.3 1 0
podgen/internal/app/podgen/proc/processor.go:350.2,350.39 1 1
podgen/internal/app/podgen/proc/processor.go:350.39,352.3 1 0
podgen/internal/app/podgen/proc/processor.go:354.2,354.39 1 1
podgen/internal/app/podgen/proc/processor.go:354.39,356.3 1 0
podgen/internal/app/podgen/proc/processor.go:358.2,381.35 3 1
podgen/internal/app/podgen/proc/processor.go:381.35,383.18 2 1
podgen/internal/app/podgen/proc/processor.go:383.18,385.4 1 1
podgen/internal/app/podgen/proc/processor.go:386.3,396.29 3 1
podgen/internal/app/podgen/proc/processor.go:396.29,398.4 1 1
podgen/internal/app/podgen/proc/processor.go:399.3,400.15 2 1
podgen/internal/app/podgen/proc/processor.go:403.2,404.16 2 1
podgen/internal/app/podgen/proc/processor.go:404.16,406.3 1 0
podgen/internal/app/podgen/proc/processor.go:407.2,410.16 4 1
podgen/internal/app/podgen/proc/processor.go:410.16,412.3 1 0
podgen/internal/app/podgen/proc/processor.go:413.2,413.25 1 1
podgen/internal/app/podgen/proc/processor.go:413.25,414.34 1 1
podgen/internal/app/podgen/proc/processor.go:414.34,416.4 1 0
podgen/internal/app/podgen/proc/processor.go:419.2,419.77 1 1
podgen/internal/app/podgen/proc/processor.go:419.77,421.3 1 0
podgen/internal/app/podgen/proc/processor.go:423.2,423.26 1 1
podgen/internal/app/podgen/proc/processor.go:427.99,432.16 2 1
podgen/internal/app/podgen/proc/processor.go:432.16,435.3 2 1
podgen/internal/app/podgen/proc/processor.go:437.2,437.19 1 1
podgen/internal/app/podgen/proc/processor.go:440.66,442.54 2 1
podgen/internal/app/podgen/proc/processor.go:442.54,444.3 1 0
podgen/internal/app/podgen/proc/processor.go:445.2,445.43 1 1
podgen/internal/app/podgen/proc/processor.go:449.98,451.16 2 0
podgen/internal/app/podgen/proc/processor.go:451.16,453.3 1 0
podgen/internal/app/podgen/proc/processor.go:454.2,454.93 1 0
podgen/internal/app/podgen/proc/processor.go:459.60,463.9 3 1
podgen/internal/app/podgen/proc/processor.go:464.73,465.83 1 1
podgen/internal/app/podgen/proc/processor.go:466.51,467.64 1 1
podgen/internal/app/podgen/proc/processor.go:468.28,469.25 1 1
podgen/internal/app/podgen/proc/processor.go:470.49,471.62 1 1
podgen/internal/app/podgen/proc/processor.go:472.27,473.24 1 1
podgen/internal/app/podgen/proc/processor.go:474.26,475.23 1 1
podgen/internal/app/podgen/proc/processor.go:478.2,478.17 1 1
podgen/internal/app/podgen/proc/processor.go:478.17,480.3 1 1
podgen/internal/app/podgen/proc/processor.go:481.2,481.27 1 1
podgen/internal/app/podgen/proc/processor.go:481.27,483.3 1 1
podgen/internal/app/podgen/proc/processor.go:485.2,485.21 1 1
podgen/internal/app/podgen/proc/processor.go:485.21,487.3 1 1
podgen/internal/app/podgen/proc/processor.go:488.2,488.34 1 1
podgen/internal/app/podgen/proc/processor.go:491.150,495.62 4 1
podgen/internal/app/podgen/proc/processor.go:495.62,497.3 1 0
podgen/internal/app/podgen/proc/processor.go:499.2,499.20 1 1
podgen/internal/app/podgen/proc/processor.go:499.20,503.17 2 1
podgen/internal/app/podgen/proc/processor.go:503.17,505.4 1 0
podgen/internal/app/podgen/proc/processor.go:506.3,506.33 1 1
podgen/internal/app/podgen/proc/processor.go:509.2,514.8 2 1
podgen/internal/app/podgen/proc/s3.go:19.79,21.28 2 0
podgen/internal/app/podgen/proc/s3.go:21.28,23.3 1 0
podgen/internal/app/podgen/proc/s3.go:24.2,24.13 1 0
podgen/internal/app/podgen/proc/s3.go:24.13,26.3 1 0
podgen/internal/app/podgen/proc/s3.go:27.2,27.86 1 0
podgen/internal/app/podgen/proc/s3.go:31.106,33.2 1 0
podgen/internal/app/podgen/proc/s3.go:36.104,38.2 1 0
podgen/internal/app/podgen/proc/s3.go:41.103,43.2 1 0
podgen/internal/app/podgen/proc/s3.go:45.116,47.28 2 0
podgen/internal/app/podgen/proc/s3.go:47.28,49.3 1 0
podgen/internal/app/podgen/proc/s3.go:51.2,51.13 1 0
podgen/internal/app/podgen/proc/s3.go:51.13,52.105 1 0
podgen/internal/app/podgen/proc/s3.go:52.105,54.4 1 0
podgen/internal/app/podgen/proc/s3.go:56.2,57.16 2 0
podgen/internal/app/podgen/proc/s3.go:57.16,59.3 1 0
podgen/internal/app/podgen/proc/s3.go:61.2,62.20 2 0
podgen/internal/app/podgen/proc/s3.go:62.20,64.17 2 0
podgen/internal/app/podgen/proc/s3.go:64.17,66.4 1 0
podgen/internal/app/podgen/proc/s3.go:67.3,67.33 1 0
podgen/internal/app/podgen/proc/s3.go:69.2,69.47 1 0
podgen/internal/app/podgen/proc/s3.go:73.94,75.16 2 0
podgen/internal/app/podgen/proc/s3.go:75.16,77.3 1 0
podgen/internal/app/podgen/proc/s3.go:79.2,86.25 3 0
podgen/internal/app/podgen/proc/store.go:22.61,26.2 3 1
podgen/internal/app/podgen/proc/store.go:29.60,31.2 1 1
podgen/internal/app/podgen/proc/store.go:34.80,35.47 1 1
podgen/internal/app/podgen/proc/store.go:35.47,37.3 1 1
podgen/internal/app/podgen/proc/store.go:40.93,42.16 2 1
podgen/internal/app/podgen/proc/store.go:42.16,44.3 1 0
podgen/internal/app/podgen/proc/store.go:46.2,47.16 2 1
podgen/internal/app/podgen/proc/store.go:47.16,49.3 1 0
podgen/internal/app/podgen/proc/store.go:51.2,52.16 2 1
podgen/internal/app/podgen/proc/store.go:52.16,54.3 1 0
podgen/internal/app/podgen/proc/store.go:56.2,57.31 2 1
podgen/internal/app/podgen/proc/store.go:61.114,63.46 2 1
podgen/internal/app/podgen/proc/store.go:63.46,67.3 3 1
podgen/internal/app/podgen/proc/store.go:68.2,68.20 1 1
podgen/internal/app/podgen/proc/store.go:71.127,74.19 3 1
podgen/internal/app/podgen/proc/store.go:74.19,77.3 2 1
podgen/internal/app/podgen/proc/store.go:79.2,80.51 2 1
podgen/internal/app/podgen/proc/store.go:80.51,82.50 2 1
podgen/internal/app/podgen/proc/store.go:82.50,84.12 2 0
podgen/internal/app/podgen/proc/store.go:86.3,86.34 1 1
podgen/internal/app/podgen/proc/store.go:86.34,87.12 1 1
podgen/internal/app/podgen/proc/store.go:89.3,89.33 1 1
podgen/internal/app/podgen/proc/store.go:92.2,92.20 1 1
podgen/internal/app/podgen/proc/store.go:96.95,98.46 2 1
podgen/internal/app/podgen/proc/store.go:98.46,102.3 3 1
podgen/internal/app/podgen/proc/store.go:103.2,103.20 1 1
podgen/internal/app/podgen/proc/store.go:106.108,109.19 3 1
podgen/internal/app/podgen/proc/store.go:109.19,111.3 1 0
podgen/internal/app/podgen/proc/store.go:113.2,114.51 2 1
podgen/internal/app/podgen/proc/store.go:114.51,116.50 2 1
podgen/internal/app/podgen/proc/store.go:116.50,118.12 2 0
podgen/internal/app/podgen/proc/store.go:120.3,120.30 1 1
podgen/internal/app/podgen/proc/store.go:120.30,121.12 1 1
podgen/internal/app/podgen/proc/store.go:123.3,123.33 1 1
podgen/internal/app/podgen/proc/store.go:126.2,126.20 1 1
podgen/internal/app/podgen/proc/store.go:130.100,131.44 1 1
podgen/internal/app/podgen/proc/store.go:131.44,133.20 2 1
podgen/internal/app/podgen/proc/store.go:133.20,135.4 1 0
podgen/internal/app/podgen/proc/store.go:137.3,138.51 2 1
podgen/internal/app/podgen/proc/store.go:138.51,140.51 2 1
podgen/internal/app/podgen/proc/store.go:140.51,142.13 2 0
podgen/internal/app/podgen/proc/store.go:144.4,144.33 1 1
podgen/internal/app/podgen/proc/store.go:144.33,145.13 1 1
podgen/internal/app/podgen/proc/store.go:148.4,150.19 3 1
podgen/internal/app/podgen/proc/store.go:150.19,152.5 1 0
podgen/internal/app/podgen/proc/store.go:154.4,154.47 1 1
podgen/internal/app/podgen/proc/store.go:154.47,156.5 1 0
podgen/internal/app/podgen/proc/store.go:158.3,158.13 1 1
podgen/internal/app/podgen/proc/store.go:161.2,161.12 1 1
podgen/internal/app/podgen/proc/store.go:165.128,167.46 2 1
podgen/internal/app/podgen/proc/store.go:167.46,169.17 2 1
podgen/internal/app/podgen/proc/store.go:169.17,172.4 2 0
podgen/internal/app/podgen/proc/store.go:173.3,175.36 3 1
podgen/internal/app/podgen/proc/store.go:175.36,176.82 1 1
podgen/internal/app/podgen/proc/store.go:176.82,179.5 2 1
podgen/internal/app/podgen/proc/store.go:180.4,181.23 2 1
podgen/internal/app/podgen/proc/store.go:183.3,183.13 1 1
podgen/internal/app/podgen/proc/store.go:185.2,185.20 1 1
podgen/internal/app/podgen/proc/store.go:189.93,191.46 2 1
podgen/internal/app/podgen/proc/store.go:191.46,195.3 3 1
podgen/internal/app/podgen/proc/store.go:196.2,196.21 1 1
podgen/internal/app/podgen/proc/store.go:199.110,201.16 2 1
podgen/internal/app/podgen/proc/store.go:201.16,203.3 1 0
podgen/internal/app/podgen/proc/store.go:205.2,207.19 3 1
podgen/internal/app/podgen/proc/store.go:207.19,210.3 2 1
podgen/internal/app/podgen/proc/store.go:212.2,213.17 2 1
podgen/internal/app/podgen/proc/store.go:213.17,215.3 1 1
podgen/internal/app/podgen/proc/store.go:217.2,217.53 1 1
podgen/internal/app/podgen/proc/store.go:217.53,220.3 2 0
podgen/internal/app/podgen/proc/store.go:222.2,222.28 1 1
podgen/internal/app/podgen/proc/store.go:222.28,224.3 1 0
podgen/internal/app/podgen/proc/store.go:226.2,226.21 1 1
podgen/internal/app/podgen/proc/store.go:230.108,232.43 2 1
podgen/internal/app/podgen/proc/store.go:232.43,234.20 2 1
podgen/internal/app/podgen/proc/store.go:234.20,236.4 1 0
podgen/internal/app/podgen/proc/store.go:238.3,239.51 2 1
podgen/internal/app/podgen/proc/store.go:239.51,241.51 2 1
podgen/internal/app/podgen/proc/store.go:241.51,243.13 2 0
podgen/internal/app/podgen/proc/store.go:246.4,246.29 1 1
podgen/internal/app/podgen/proc/store.go:246.29,247.13 1 1
podgen/internal/app/podgen/proc/store.go:250.4,251.9 2 1
podgen/internal/app/podgen/proc/store.go:253.3,253.13 1 1
podgen/internal/app/podgen/proc/store.go:256.2,256.20 1 1
podgen/internal/app/podgen/proc/store.go:260.111,262.46 2 1
podgen/internal/app/podgen/proc/store.go:262.46,266.3 3 1
podgen/internal/app/podgen/proc/store.go:267.2,267.20 1 1
podgen/internal/app/podgen/proc/store.go:270.128,272.19 2 1
podgen/internal/app/podgen/proc/store.go:272.19,274.3 1 0
podgen/internal/app/podgen/proc/store.go:276.2,277.50 2 1
podgen/internal/app/podgen/proc/store.go:277.50,279.50 2 1
podgen/internal/app/podgen/proc/store.go:279.50,281.12 2 0
podgen/internal/app/podgen/proc/store.go:284.3,284.28 1 1
podgen/internal/app/podgen/proc/store.go:284.28,285.12 1 1
podgen/internal/app/podgen/proc/store.go:288.3,288.20 1 1
podgen/internal/app/podgen/proc/store.go:291.2,291.17 1 0
podgen/internal/app/podgen/proc/store.go:294.74,296.2 1 1
podgen/internal/app/podgen/proc/store.go:298.75,300.2 1 1
podgen/internal/app/podgen/proc/worker.go:11.101,12.18 1 1
podgen/internal/app/podgen/proc/worker.go:12.18,14.3 1 0
podgen/internal/app/podgen/proc/worker.go:15.2,15.21 1 1
podgen/internal/app/podgen/proc/worker.go:15.21,17.3 1 0
podgen/internal/app/podgen/proc/worker.go:19.2,23.29 4 1
podgen/internal/app/podgen/proc/worker.go:23.29,26.54 3 1
podgen/internal/app/podgen/proc/worker.go:26.54,28.17 2 1
podgen/internal/app/podgen/proc/worker.go:28.17,28.26 1 1
podgen/internal/app/podgen/proc/worker.go:29.4,29.21 1 1
podgen/internal/app/podgen/proc/worker.go:33.2,34.13 2 1
